Configuring errors-2.3.0...
Preprocessing library for errors-2.3.0..
Building library for errors-2.3.0..
[1 of 5] Compiling Control.Error.Util ( Control/Error/Util.hs, .stack-work/dist/x86_64-linux/Cabal-2.4.0.1/build/Control/Error/Util.o )
[2 of 5] Compiling Control.Error.Safe ( Control/Error/Safe.hs, .stack-work/dist/x86_64-linux/Cabal-2.4.0.1/build/Control/Error/Safe.o )
[3 of 5] Compiling Data.EitherR     ( Data/EitherR.hs, .stack-work/dist/x86_64-linux/Cabal-2.4.0.1/build/Data/EitherR.o )
[4 of 5] Compiling Control.Error.Script ( Control/Error/Script.hs, .stack-work/dist/x86_64-linux/Cabal-2.4.0.1/build/Control/Error/Script.o )
[5 of 5] Compiling Control.Error    ( Control/Error.hs, .stack-work/dist/x86_64-linux/Cabal-2.4.0.1/build/Control/Error.o )
Preprocessing library for errors-2.3.0..
Running Haddock on library for errors-2.3.0..
Haddock coverage:
Warning: 'mzero' is out of scope.
    If you qualify the identifier, haddock can try to link it
    it anyway.
 100% ( 42 / 42) in 'Control.Error.Util'
Warning: 'fromRight' is out of scope.
    If you qualify the identifier, haddock can try to link it
    it anyway.
Warning: 'foldl1'' is out of scope.
    If you qualify the identifier, haddock can try to link it
    it anyway.
Warning: 'fromJust' is out of scope.
    If you qualify the identifier, haddock can try to link it
    it anyway.
 100% ( 48 / 48) in 'Control.Error.Safe'
Warning: 'catch' is out of scope.
    If you qualify the identifier, haddock can try to link it
    it anyway.
 100% ( 21 / 21) in 'Data.EitherR'
 100% (  5 /  5) in 'Control.Error.Script'
Warning: 'EitherT' is out of scope.
    If you qualify the identifier, haddock can try to link it
    it anyway.
Warning: 'MonadPlus' is out of scope.
    If you qualify the identifier, haddock can try to link it
    it anyway.
Warning: 'Text' is out of scope.
    If you qualify the identifier, haddock can try to link it
    it anyway.
  62% ( 34 / 55) in 'Control.Error'
  Missing documentation for:
    findJustDef
    lookupJustDef
    readDef
    readMay
    atDef
    atMay
    foldl1Def'
    foldr1Def
    foldl1May'
    foldr1May
    maximumDef
    minimumDef
    maximumMay
    minimumMay
    lastDef
    headDef
    lastMay
    headMay
    initSafe
    initDef
    initMay
Documentation created:
.stack-work/dist/x86_64-linux/Cabal-2.4.0.1/doc/html/errors/index.html,
.stack-work/dist/x86_64-linux/Cabal-2.4.0.1/doc/html/errors/errors.txt
Installing library in /home/aakash/.stack/snapshots/x86_64-linux/lts-13.15/8.6.4/lib/x86_64-linux-ghc-8.6.4/errors-2.3.0-HSxowGTBSlK59WNmA4x2iJ
Registering library for errors-2.3.0..
