Configuring reflection-2.1.4...
Preprocessing library for reflection-2.1.4..
Building library for reflection-2.1.4..
[1 of 1] Compiling Data.Reflection  ( fast/Data/Reflection.hs, .stack-work/dist/x86_64-linux/Cabal-2.4.0.1/build/Data/Reflection.o )
Preprocessing library for reflection-2.1.4..
Running Haddock on library for reflection-2.1.4..
Haddock coverage:
Warning: 'fold' is out of scope.
    If you qualify the identifier, haddock can try to link it
    it anyway.
  77% ( 23 / 30) in 'Data.Reflection'
  Missing documentation for:
    Reifies (fast/Data/Reflection.hs:160)
    ReifiedMonoid (fast/Data/Reflection.hs:557)
    ReflectedMonoid (fast/Data/Reflection.hs:571)
    reifyMonoid (fast/Data/Reflection.hs:576)
    ReifiedApplicative (fast/Data/Reflection.hs:605)
    ReflectedApplicative (fast/Data/Reflection.hs:607)
    reifyApplicative (fast/Data/Reflection.hs:622)
Documentation created:
.stack-work/dist/x86_64-linux/Cabal-2.4.0.1/doc/html/reflection/index.html,
.stack-work/dist/x86_64-linux/Cabal-2.4.0.1/doc/html/reflection/reflection.txt
Installing library in /home/aakash/.stack/snapshots/x86_64-linux/lts-13.15/8.6.4/lib/x86_64-linux-ghc-8.6.4/reflection-2.1.4-E9VXTbXoqHZ5rulgGPZOrF
Registering library for reflection-2.1.4..
