Configuring safe-0.3.17...
Preprocessing library for safe-0.3.17..
Building library for safe-0.3.17..
[1 of 5] Compiling Safe.Partial     ( Safe/Partial.hs, .stack-work/dist/x86_64-linux/Cabal-2.4.0.1/build/Safe/Partial.o )
[2 of 5] Compiling Safe.Util        ( Safe/Util.hs, .stack-work/dist/x86_64-linux/Cabal-2.4.0.1/build/Safe/Util.o )
[3 of 5] Compiling Safe.Foldable    ( Safe/Foldable.hs, .stack-work/dist/x86_64-linux/Cabal-2.4.0.1/build/Safe/Foldable.o )
[4 of 5] Compiling Safe.Exact       ( Safe/Exact.hs, .stack-work/dist/x86_64-linux/Cabal-2.4.0.1/build/Safe/Exact.o )
[5 of 5] Compiling Safe             ( Safe.hs, .stack-work/dist/x86_64-linux/Cabal-2.4.0.1/build/Safe.o )
Preprocessing library for safe-0.3.17..
Running Haddock on library for safe-0.3.17..
Haddock coverage:
 100% (  2 /  2) in 'Safe.Partial'
  18% (  5 / 28) in 'Safe.Foldable'
  Missing documentation for:
    foldl1May (Safe/Foldable.hs:46)
    foldl1Def (Safe/Foldable.hs:54)
    foldl1Note (Safe/Foldable.hs:50)
    foldr1May (Safe/Foldable.hs:46)
    foldr1Def (Safe/Foldable.hs:54)
    foldr1Note (Safe/Foldable.hs:50)
    findJustDef (Safe/Foldable.hs:87)
    findJustNote (Safe/Foldable.hs:90)
    minimumMay (Safe/Foldable.hs:58)
    minimumDef (Safe/Foldable.hs:62)
    minimumNote (Safe/Foldable.hs:66)
    maximumMay (Safe/Foldable.hs:58)
    maximumDef (Safe/Foldable.hs:62)
    maximumNote (Safe/Foldable.hs:66)
    minimumByMay (Safe/Foldable.hs:70)
    minimumByDef (Safe/Foldable.hs:74)
    minimumByNote (Safe/Foldable.hs:78)
    maximumByMay (Safe/Foldable.hs:70)
    maximumByDef (Safe/Foldable.hs:74)
    maximumByNote (Safe/Foldable.hs:78)
    foldl1Safe (Safe/Foldable.hs:98)
    foldr1Safe (Safe/Foldable.hs:102)
    findJustSafe (Safe/Foldable.hs:107)
  32% ( 10 / 31) in 'Safe.Exact'
  Missing documentation for:
    takeExactMay (Safe/Exact.hs:111)
    takeExactNote (Safe/Exact.hs:108)
    takeExactDef (Safe/Exact.hs:114)
    dropExactMay (Safe/Exact.hs:120)
    dropExactNote (Safe/Exact.hs:117)
    dropExactDef (Safe/Exact.hs:123)
    splitAtExactMay (Safe/Exact.hs:130)
    splitAtExactNote (Safe/Exact.hs:126)
    splitAtExactDef (Safe/Exact.hs:134)
    zipExactMay (Safe/Exact.hs:158)
    zipExactNote (Safe/Exact.hs:155)
    zipExactDef (Safe/Exact.hs:161)
    zipWithExactMay (Safe/Exact.hs:167)
    zipWithExactNote (Safe/Exact.hs:164)
    zipWithExactDef (Safe/Exact.hs:170)
    zip3ExactMay (Safe/Exact.hs:192)
    zip3ExactNote (Safe/Exact.hs:189)
    zip3ExactDef (Safe/Exact.hs:195)
    zipWith3ExactMay (Safe/Exact.hs:201)
    zipWith3ExactNote (Safe/Exact.hs:198)
    zipWith3ExactDef (Safe/Exact.hs:204)
Warning: 'readEither' is out of scope.
    If you qualify the identifier, haddock can try to link it
    it anyway.
Warning: 'base' is out of scope.
    If you qualify the identifier, haddock can try to link it
    it anyway.
  19% ( 16 / 86) in 'Safe'
  Missing documentation for:
    initMay (Safe.hs:117)
    initDef (Safe.hs:120)
    initNote (Safe.hs:123)
    initSafe (Safe.hs:126)
    headMay (Safe.hs:131)
    headDef (Safe.hs:135)
    headNote (Safe.hs:139)
    lastMay (Safe.hs:131)
    lastDef (Safe.hs:135)
    lastNote (Safe.hs:139)
    minimumMay (Safe.hs:143)
    minimumDef (Safe.hs:147)
    minimumNote (Safe.hs:151)
    maximumMay (Safe.hs:143)
    maximumDef (Safe.hs:147)
    maximumNote (Safe.hs:151)
    minimumByMay (Safe.hs:155)
    minimumByDef (Safe.hs:159)
    minimumByNote (Safe.hs:163)
    maximumByMay (Safe.hs:155)
    maximumByDef (Safe.hs:159)
    maximumByNote (Safe.hs:163)
    foldr1May (Safe.hs:168)
    foldr1Def (Safe.hs:173)
    foldr1Note (Safe.hs:178)
    foldl1May (Safe.hs:168)
    foldl1Def (Safe.hs:173)
    foldl1Note (Safe.hs:178)
    foldl1May' (Safe.hs:168)
    foldl1Def' (Safe.hs:173)
    foldl1Note' (Safe.hs:178)
    scanl1May (Safe.hs:183)
    scanl1Def (Safe.hs:187)
    scanl1Note (Safe.hs:191)
    scanr1May (Safe.hs:183)
    scanr1Def (Safe.hs:187)
    scanr1Note (Safe.hs:191)
    cycleMay (Safe.hs:195)
    cycleDef (Safe.hs:198)
    cycleNote (Safe.hs:201)
    fromJustNote (Safe.hs:209)
    assertNote (Safe.hs:212)
    atMay (Safe.hs:221)
    atDef (Safe.hs:224)
    atNote (Safe.hs:227)
    readMay (Safe.hs:241)
    readDef (Safe.hs:244)
    lookupJustDef (Safe.hs:256)
    lookupJustNote (Safe.hs:259)
    findJustDef (Safe.hs:267)
    findJustNote (Safe.hs:270)
    elemIndexJustDef (Safe.hs:278)
    elemIndexJustNote (Safe.hs:281)
    findIndexJustDef (Safe.hs:289)
    findIndexJustNote (Safe.hs:292)
    toEnumMay (Safe.hs:297)
    toEnumDef (Safe.hs:306)
    toEnumNote (Safe.hs:309)
    toEnumSafe (Safe.hs:312)
    succMay (Safe.hs:315)
    succDef (Safe.hs:318)
    succNote (Safe.hs:321)
    succSafe (Safe.hs:324)
    predMay (Safe.hs:327)
    predDef (Safe.hs:330)
    predNote (Safe.hs:333)
    predSafe (Safe.hs:336)
    indexMay (Safe.hs:339)
    indexDef (Safe.hs:342)
    indexNote (Safe.hs:345)
Documentation created:
.stack-work/dist/x86_64-linux/Cabal-2.4.0.1/doc/html/safe/index.html,
.stack-work/dist/x86_64-linux/Cabal-2.4.0.1/doc/html/safe/safe.txt
Installing library in /home/aakash/.stack/snapshots/x86_64-linux/lts-13.15/8.6.4/lib/x86_64-linux-ghc-8.6.4/safe-0.3.17-43oyx4B630gDZMbTh3Ttji
Registering library for safe-0.3.17..
